# JRE version: OpenJDK Runtime Environment (21.0.6) (build 21.0.6+-13391695-b895.109)
# Java VM: OpenJDK 64-Bit Server VM (21.0.6+-13391695-b895.109, mixed mode, tiered, compressed oops, compressed class ptrs, g1 gc, windows-amd64)
GC Precious Log:
 CardTable entry size: 512
 Card Set container configuration: InlinePtr #cards 5 size 8 Array Of Cards #cards 12 size 40 Howl #buckets 4 coarsen threshold 1843 Howl Bitmap #cards 512 size 80 coarsen threshold 460 Card regions per heap region 1 cards per card region 2048
 CPUs: 16 total, 16 available
 Memory: 32679M
 Large Page Support: Disabled
 NUMA Support: Disabled
 Compressed Oops: Enabled (32-bit)
 Heap Region Size: 1M
 Heap Min Capacity: 8M
 Heap Initial Capacity: 512M
 Heap Max Capacity: 2G
 Pre-touch: Disabled
 Parallel Workers: 13
 Concurrent Workers: 3
 Concurrent Refinement Workers: 13
 Periodic GC: Disabled
Heap:
 garbage-first heap   total 257024K, used 122923K [0x0000000080000000, 0x0000000100000000)
  region size 1024K, 18 young (18432K), 6 survivors (6144K)
 Metaspace       used 133223K, committed 135744K, reserved 1179648K
  class space    used 17461K, committed 18688K, reserved 1048576K
GC Heap History (20 events):
Event: 5.308 GC heap before
{Heap before GC invocations=16 (full 0):
 garbage-first heap   total 297984K, used 128020K [0x0000000080000000, 0x0000000100000000)
  region size 1024K, 82 young (83968K), 20 survivors (20480K)
 Metaspace       used 75592K, committed 77440K, reserved 1179648K
  class space    used 10113K, committed 11008K, reserved 1048576K
}
Event: 5.314 GC heap after
{Heap after GC invocations=17 (full 0):
 garbage-first heap   total 297984K, used 75113K [0x0000000080000000, 0x0000000100000000)
  region size 1024K, 20 young (20480K), 20 survivors (20480K)
 Metaspace       used 75592K, committed 77440K, reserved 1179648K
  class space    used 10113K, committed 11008K, reserved 1048576K
}
Event: 6.303 GC heap before
{Heap before GC invocations=18 (full 0):
 garbage-first heap   total 252928K, used 210281K [0x0000000080000000, 0x0000000100000000)
  region size 1024K, 148 young (151552K), 20 survivors (20480K)
 Metaspace       used 87556K, committed 89472K, reserved 1179648K
  class space    used 11578K, committed 12544K, reserved 1048576K
}
Event: 6.310 GC heap after
{Heap after GC invocations=19 (full 0):
 garbage-first heap   total 252928K, used 85815K [0x0000000080000000, 0x0000000100000000)
  region size 1024K, 10 young (10240K), 10 survivors (10240K)
 Metaspace       used 87556K, committed 89472K, reserved 1179648K
  class space    used 11578K, committed 12544K, reserved 1048576K
}
Event: 7.387 GC heap before
{Heap before GC invocations=19 (full 0):
 garbage-first heap   total 252928K, used 225079K [0x0000000080000000, 0x0000000100000000)
  region size 1024K, 143 young (146432K), 10 survivors (10240K)
 Metaspace       used 97771K, committed 99776K, reserved 1179648K
  class space    used 12916K, committed 13888K, reserved 1048576K
}
Event: 7.393 GC heap after
{Heap after GC invocations=20 (full 0):
 garbage-first heap   total 252928K, used 97782K [0x0000000080000000, 0x0000000100000000)
  region size 1024K, 17 young (17408K), 17 survivors (17408K)
 Metaspace       used 97771K, committed 99776K, reserved 1179648K
  class space    used 12916K, committed 13888K, reserved 1048576K
}
Event: 7.603 GC heap before
{Heap before GC invocations=20 (full 0):
 garbage-first heap   total 252928K, used 127478K [0x0000000080000000, 0x0000000100000000)
  region size 1024K, 47 young (48128K), 17 survivors (17408K)
 Metaspace       used 100078K, committed 102144K, reserved 1179648K
  class space    used 13231K, committed 14272K, reserved 1048576K
}
Event: 7.607 GC heap after
{Heap after GC invocations=21 (full 0):
 garbage-first heap   total 252928K, used 99770K [0x0000000080000000, 0x0000000100000000)
  region size 1024K, 11 young (11264K), 11 survivors (11264K)
 Metaspace       used 100078K, committed 102144K, reserved 1179648K
  class space    used 13231K, committed 14272K, reserved 1048576K
}
Event: 8.612 GC heap before
{Heap before GC invocations=22 (full 0):
 garbage-first heap   total 252928K, used 228794K [0x0000000080000000, 0x0000000100000000)
  region size 1024K, 136 young (139264K), 11 survivors (11264K)
 Metaspace       used 110131K, committed 112384K, reserved 1179648K
  class space    used 14834K, committed 15936K, reserved 1048576K
}
Event: 8.616 GC heap after
{Heap after GC invocations=23 (full 0):
 garbage-first heap   total 252928K, used 104655K [0x0000000080000000, 0x0000000100000000)
  region size 1024K, 7 young (7168K), 7 survivors (7168K)
 Metaspace       used 110131K, committed 112384K, reserved 1179648K
  class space    used 14834K, committed 15936K, reserved 1048576K
}
Event: 9.537 GC heap before
{Heap before GC invocations=23 (full 0):
 garbage-first heap   total 252928K, used 234703K [0x0000000080000000, 0x0000000100000000)
  region size 1024K, 130 young (133120K), 7 survivors (7168K)
 Metaspace       used 118387K, committed 120704K, reserved 1179648K
  class space    used 15720K, committed 16896K, reserved 1048576K
}
Event: 9.544 GC heap after
{Heap after GC invocations=24 (full 0):
 garbage-first heap   total 257024K, used 115010K [0x0000000080000000, 0x0000000100000000)
  region size 1024K, 17 young (17408K), 17 survivors (17408K)
 Metaspace       used 118387K, committed 120704K, reserved 1179648K
  class space    used 15720K, committed 16896K, reserved 1048576K
}
Event: 10.154 GC heap before
{Heap before GC invocations=24 (full 0):
 garbage-first heap   total 257024K, used 223554K [0x0000000080000000, 0x0000000100000000)
  region size 1024K, 124 young (126976K), 17 survivors (17408K)
 Metaspace       used 121096K, committed 123456K, reserved 1179648K
  class space    used 16135K, committed 17344K, reserved 1048576K
}
Event: 10.163 GC heap after
{Heap after GC invocations=25 (full 0):
 garbage-first heap   total 257024K, used 126504K [0x0000000080000000, 0x0000000100000000)
  region size 1024K, 11 young (11264K), 11 survivors (11264K)
 Metaspace       used 121096K, committed 123456K, reserved 1179648K
  class space    used 16135K, committed 17344K, reserved 1048576K
}
Event: 15.300 GC heap before
{Heap before GC invocations=26 (full 0):
 garbage-first heap   total 257024K, used 228904K [0x0000000080000000, 0x0000000100000000)
  region size 1024K, 112 young (114688K), 11 survivors (11264K)
 Metaspace       used 128578K, committed 130944K, reserved 1179648K
  class space    used 17111K, committed 18304K, reserved 1048576K
}
Event: 15.304 GC heap after
{Heap after GC invocations=27 (full 0):
 garbage-first heap   total 257024K, used 131673K [0x0000000080000000, 0x0000000100000000)
  region size 1024K, 7 young (7168K), 7 survivors (7168K)
 Metaspace       used 128578K, committed 130944K, reserved 1179648K
  class space    used 17111K, committed 18304K, reserved 1048576K
}
Event: 3610.229 GC heap before
{Heap before GC invocations=27 (full 0):
 garbage-first heap   total 257024K, used 223833K [0x0000000080000000, 0x0000000100000000)
  region size 1024K, 99 young (101376K), 7 survivors (7168K)
 Metaspace       used 132774K, committed 135232K, reserved 1179648K
  class space    used 17455K, committed 18688K, reserved 1048576K
}
Event: 3610.354 GC heap after
{Heap after GC invocations=28 (full 1):
 garbage-first heap   total 257024K, used 106701K [0x0000000080000000, 0x0000000100000000)
  region size 1024K, 0 young (0K), 0 survivors (0K)
 Metaspace       used 132774K, committed 135232K, reserved 1179648K
  class space    used 17455K, committed 18688K, reserved 1048576K
}
Event: 6834.989 GC heap before
{Heap before GC invocations=28 (full 1):
 garbage-first heap   total 257024K, used 225485K [0x0000000080000000, 0x0000000100000000)
  region size 1024K, 116 young (118784K), 0 survivors (0K)
 Metaspace       used 133082K, committed 135552K, reserved 1179648K
  class space    used 17459K, committed 18688K, reserved 1048576K
}
Event: 6834.992 GC heap after
{Heap after GC invocations=29 (full 1):
 garbage-first heap   total 257024K, used 112683K [0x0000000080000000, 0x0000000100000000)
  region size 1024K, 6 young (6144K), 6 survivors (6144K)
 Metaspace       used 133082K, committed 135552K, reserved 1179648K
  class space    used 17459K, committed 18688K, reserved 1048576K
}

